
*** Running vivado
    with args -log proiect.vds -m64 -product Vivado -mode batch -messageDb vivado.pb -notrace -source proiect.tcl


ECHO is off.
ECHO is off.

****** Vivado v2023.2 (64-bit)
  **** SW Build 4029153 on Fri Oct 13 20:14:34 MDT 2023
  **** IP Build 4028589 on Sat Oct 14 00:45:43 MDT 2023
  **** SharedData Build 4025554 on Tue Oct 10 17:18:54 MDT 2023
    ** Copyright 1986-2022 Xilinx, Inc. All Rights Reserved.
    ** Copyright 2022-2023 Advanced Micro Devices, Inc. All Rights Reserved.

source proiect.tcl -notrace
create_project: Time (s): cpu = 00:00:08 ; elapsed = 00:00:10 . Memory (MB): peak = 469.062 ; gain = 184.266
Command: read_checkpoint -auto_incremental -incremental {D:/FACULTATE/FACULTATE AN 1/Semestrul 2/PSN/proiect_stari/project_1/project_1.srcs/utils_1/imports/synth_1/clock.dcp}
INFO: [Vivado 12-5825] Read reference checkpoint from D:/FACULTATE/FACULTATE AN 1/Semestrul 2/PSN/proiect_stari/project_1/project_1.srcs/utils_1/imports/synth_1/clock.dcp for incremental synthesis
INFO: [Vivado 12-7989] Please ensure there are no constraint changes
Command: synth_design -top proiect -part xc7a35tcpg236-1
Starting synth_design
Attempting to get a license for feature 'Synthesis' and/or device 'xc7a35t'
INFO: [Common 17-349] Got license for feature 'Synthesis' and/or device 'xc7a35t'
INFO: [Device 21-403] Loading part xc7a35tcpg236-1
INFO: [Designutils 20-5440] No compile time benefit to using incremental synthesis; A full resynthesis will be run
INFO: [Designutils 20-4379] Flow is switching to default flow due to incremental criteria not met. If you would like to alter this behaviour and have the flow terminate instead, please set the following parameter config_implementation {autoIncr.Synth.RejectBehavior Terminate}
INFO: [Synth 8-7079] Multithreading enabled for synth_design using a maximum of 2 processes.
INFO: [Synth 8-7078] Launching helper process for spawning children vivado processes
INFO: [Synth 8-7075] Helper process launched with PID 7940
---------------------------------------------------------------------------------
Starting RTL Elaboration : Time (s): cpu = 00:00:07 ; elapsed = 00:00:11 . Memory (MB): peak = 1303.543 ; gain = 439.570
---------------------------------------------------------------------------------
INFO: [Synth 8-638] synthesizing module 'proiect' [D:/FACULTATE/FACULTATE AN 1/Semestrul 2/PSN/proiect_stari/project_1/project_1.srcs/sources_1/new/proiect.vhd:13]
INFO: [Synth 8-3491] module 'clock' declared at 'D:/FACULTATE/FACULTATE AN 1/Semestrul 2/PSN/proiect_stari/project_1/project_1.srcs/sources_1/new/clock.vhd:6' bound to instance 'C1' of component 'clock' [D:/FACULTATE/FACULTATE AN 1/Semestrul 2/PSN/proiect_stari/project_1/project_1.srcs/sources_1/new/proiect.vhd:43]
INFO: [Synth 8-638] synthesizing module 'clock' [D:/FACULTATE/FACULTATE AN 1/Semestrul 2/PSN/proiect_stari/project_1/project_1.srcs/sources_1/new/clock.vhd:11]
WARNING: [Synth 8-614] signal 'N' is read in the process but is not in the sensitivity list [D:/FACULTATE/FACULTATE AN 1/Semestrul 2/PSN/proiect_stari/project_1/project_1.srcs/sources_1/new/clock.vhd:17]
INFO: [Synth 8-256] done synthesizing module 'clock' (0#1) [D:/FACULTATE/FACULTATE AN 1/Semestrul 2/PSN/proiect_stari/project_1/project_1.srcs/sources_1/new/clock.vhd:11]
INFO: [Synth 8-3491] module 'main_UC' declared at 'D:/FACULTATE/FACULTATE AN 1/Semestrul 2/PSN/proiect_stari/project_1/project_1.srcs/sources_1/new/main.vhd:6' bound to instance 'C2' of component 'main_UC' [D:/FACULTATE/FACULTATE AN 1/Semestrul 2/PSN/proiect_stari/project_1/project_1.srcs/sources_1/new/proiect.vhd:44]
INFO: [Synth 8-638] synthesizing module 'main_UC' [D:/FACULTATE/FACULTATE AN 1/Semestrul 2/PSN/proiect_stari/project_1/project_1.srcs/sources_1/new/main.vhd:13]
WARNING: [Synth 8-614] signal 'en' is read in the process but is not in the sensitivity list [D:/FACULTATE/FACULTATE AN 1/Semestrul 2/PSN/proiect_stari/project_1/project_1.srcs/sources_1/new/main.vhd:27]
WARNING: [Synth 8-614] signal 'reset' is read in the process but is not in the sensitivity list [D:/FACULTATE/FACULTATE AN 1/Semestrul 2/PSN/proiect_stari/project_1/project_1.srcs/sources_1/new/main.vhd:27]
WARNING: [Synth 8-614] signal 'start_ora' is read in the process but is not in the sensitivity list [D:/FACULTATE/FACULTATE AN 1/Semestrul 2/PSN/proiect_stari/project_1/project_1.srcs/sources_1/new/main.vhd:27]
WARNING: [Synth 8-614] signal 'ora_set' is read in the process but is not in the sensitivity list [D:/FACULTATE/FACULTATE AN 1/Semestrul 2/PSN/proiect_stari/project_1/project_1.srcs/sources_1/new/main.vhd:27]
WARNING: [Synth 8-614] signal 'start_minute' is read in the process but is not in the sensitivity list [D:/FACULTATE/FACULTATE AN 1/Semestrul 2/PSN/proiect_stari/project_1/project_1.srcs/sources_1/new/main.vhd:27]
WARNING: [Synth 8-614] signal 'minute_set' is read in the process but is not in the sensitivity list [D:/FACULTATE/FACULTATE AN 1/Semestrul 2/PSN/proiect_stari/project_1/project_1.srcs/sources_1/new/main.vhd:27]
WARNING: [Synth 8-614] signal 'start_t_min' is read in the process but is not in the sensitivity list [D:/FACULTATE/FACULTATE AN 1/Semestrul 2/PSN/proiect_stari/project_1/project_1.srcs/sources_1/new/main.vhd:27]
WARNING: [Synth 8-614] signal 't_min_set' is read in the process but is not in the sensitivity list [D:/FACULTATE/FACULTATE AN 1/Semestrul 2/PSN/proiect_stari/project_1/project_1.srcs/sources_1/new/main.vhd:27]
WARNING: [Synth 8-614] signal 'start_t_max' is read in the process but is not in the sensitivity list [D:/FACULTATE/FACULTATE AN 1/Semestrul 2/PSN/proiect_stari/project_1/project_1.srcs/sources_1/new/main.vhd:27]
WARNING: [Synth 8-614] signal 't_max_set' is read in the process but is not in the sensitivity list [D:/FACULTATE/FACULTATE AN 1/Semestrul 2/PSN/proiect_stari/project_1/project_1.srcs/sources_1/new/main.vhd:27]
WARNING: [Synth 8-614] signal 'citit' is read in the process but is not in the sensitivity list [D:/FACULTATE/FACULTATE AN 1/Semestrul 2/PSN/proiect_stari/project_1/project_1.srcs/sources_1/new/main.vhd:27]
WARNING: [Synth 8-614] signal 'mode' is read in the process but is not in the sensitivity list [D:/FACULTATE/FACULTATE AN 1/Semestrul 2/PSN/proiect_stari/project_1/project_1.srcs/sources_1/new/main.vhd:27]
WARNING: [Synth 8-614] signal 'gata_t' is read in the process but is not in the sensitivity list [D:/FACULTATE/FACULTATE AN 1/Semestrul 2/PSN/proiect_stari/project_1/project_1.srcs/sources_1/new/main.vhd:27]
INFO: [Synth 8-256] done synthesizing module 'main_UC' (0#1) [D:/FACULTATE/FACULTATE AN 1/Semestrul 2/PSN/proiect_stari/project_1/project_1.srcs/sources_1/new/main.vhd:13]
INFO: [Synth 8-3491] module 'main_UE' declared at 'D:/FACULTATE/FACULTATE AN 1/Semestrul 2/PSN/proiect_stari/project_1/project_1.srcs/sources_1/new/main_UE.vhd:6' bound to instance 'C3' of component 'main_UE' [D:/FACULTATE/FACULTATE AN 1/Semestrul 2/PSN/proiect_stari/project_1/project_1.srcs/sources_1/new/proiect.vhd:49]
INFO: [Synth 8-638] synthesizing module 'main_UE' [D:/FACULTATE/FACULTATE AN 1/Semestrul 2/PSN/proiect_stari/project_1/project_1.srcs/sources_1/new/main_UE.vhd:14]
INFO: [Synth 8-3491] module 'ora' declared at 'D:/FACULTATE/FACULTATE AN 1/Semestrul 2/PSN/proiect_stari/project_1/project_1.srcs/sources_1/new/ora.vhd:7' bound to instance 'C1' of component 'ora' [D:/FACULTATE/FACULTATE AN 1/Semestrul 2/PSN/proiect_stari/project_1/project_1.srcs/sources_1/new/main_UE.vhd:76]
INFO: [Synth 8-638] synthesizing module 'ora' [D:/FACULTATE/FACULTATE AN 1/Semestrul 2/PSN/proiect_stari/project_1/project_1.srcs/sources_1/new/ora.vhd:13]
INFO: [Synth 8-3491] module 'buton' declared at 'D:/FACULTATE/FACULTATE AN 1/Semestrul 2/PSN/proiect_stari/project_1/project_1.srcs/sources_1/imports/new/buton.vhd:7' bound to instance 'C2' of component 'buton' [D:/FACULTATE/FACULTATE AN 1/Semestrul 2/PSN/proiect_stari/project_1/project_1.srcs/sources_1/new/ora.vhd:37]
INFO: [Synth 8-638] synthesizing module 'buton' [D:/FACULTATE/FACULTATE AN 1/Semestrul 2/PSN/proiect_stari/project_1/project_1.srcs/sources_1/imports/new/buton.vhd:12]
INFO: [Synth 8-3491] module 'numarator' declared at 'D:/FACULTATE/FACULTATE AN 1/Semestrul 2/PSN/proiect_nou/debouncer/numarator/numarator.srcs/sources_1/new/numarator.vhd:7' bound to instance 'C1' of component 'numarator' [D:/FACULTATE/FACULTATE AN 1/Semestrul 2/PSN/proiect_stari/project_1/project_1.srcs/sources_1/imports/new/buton.vhd:23]
INFO: [Synth 8-638] synthesizing module 'numarator' [D:/FACULTATE/FACULTATE AN 1/Semestrul 2/PSN/proiect_nou/debouncer/numarator/numarator.srcs/sources_1/new/numarator.vhd:12]
INFO: [Synth 8-256] done synthesizing module 'numarator' (0#1) [D:/FACULTATE/FACULTATE AN 1/Semestrul 2/PSN/proiect_nou/debouncer/numarator/numarator.srcs/sources_1/new/numarator.vhd:12]
INFO: [Synth 8-3491] module 'bistabil_d' declared at 'D:/FACULTATE/FACULTATE AN 1/Semestrul 2/PSN/proiect_stari/project_1/project_1.srcs/sources_1/new/bistabil_d.vhd:4' bound to instance 'C2' of component 'bistabil_d' [D:/FACULTATE/FACULTATE AN 1/Semestrul 2/PSN/proiect_stari/project_1/project_1.srcs/sources_1/imports/new/buton.vhd:24]
INFO: [Synth 8-638] synthesizing module 'bistabil_d' [D:/FACULTATE/FACULTATE AN 1/Semestrul 2/PSN/proiect_stari/project_1/project_1.srcs/sources_1/new/bistabil_d.vhd:9]
INFO: [Synth 8-256] done synthesizing module 'bistabil_d' (0#1) [D:/FACULTATE/FACULTATE AN 1/Semestrul 2/PSN/proiect_stari/project_1/project_1.srcs/sources_1/new/bistabil_d.vhd:9]
INFO: [Synth 8-3491] module 'bistabil_d' declared at 'D:/FACULTATE/FACULTATE AN 1/Semestrul 2/PSN/proiect_stari/project_1/project_1.srcs/sources_1/new/bistabil_d.vhd:4' bound to instance 'C3' of component 'bistabil_d' [D:/FACULTATE/FACULTATE AN 1/Semestrul 2/PSN/proiect_stari/project_1/project_1.srcs/sources_1/imports/new/buton.vhd:25]
INFO: [Synth 8-3491] module 'bistabil_d' declared at 'D:/FACULTATE/FACULTATE AN 1/Semestrul 2/PSN/proiect_stari/project_1/project_1.srcs/sources_1/new/bistabil_d.vhd:4' bound to instance 'C4' of component 'bistabil_d' [D:/FACULTATE/FACULTATE AN 1/Semestrul 2/PSN/proiect_stari/project_1/project_1.srcs/sources_1/imports/new/buton.vhd:26]
INFO: [Synth 8-256] done synthesizing module 'buton' (0#1) [D:/FACULTATE/FACULTATE AN 1/Semestrul 2/PSN/proiect_stari/project_1/project_1.srcs/sources_1/imports/new/buton.vhd:12]
INFO: [Synth 8-3491] module 'numarator_ora' declared at 'D:/FACULTATE/FACULTATE AN 1/Semestrul 2/PSN/proiect_stari/project_1/project_1.srcs/sources_1/new/numarator_ora.vhd:5' bound to instance 'C3' of component 'numarator_ora' [D:/FACULTATE/FACULTATE AN 1/Semestrul 2/PSN/proiect_stari/project_1/project_1.srcs/sources_1/new/ora.vhd:38]
INFO: [Synth 8-638] synthesizing module 'numarator_ora' [D:/FACULTATE/FACULTATE AN 1/Semestrul 2/PSN/proiect_stari/project_1/project_1.srcs/sources_1/new/numarator_ora.vhd:10]
INFO: [Synth 8-256] done synthesizing module 'numarator_ora' (0#1) [D:/FACULTATE/FACULTATE AN 1/Semestrul 2/PSN/proiect_stari/project_1/project_1.srcs/sources_1/new/numarator_ora.vhd:10]
INFO: [Synth 8-3491] module 'registru_save_pe5' declared at 'D:/FACULTATE/FACULTATE AN 1/Semestrul 2/PSN/proiect_stari/project_1/project_1.srcs/sources_1/new/registru_save_pe5.vhd:5' bound to instance 'C4' of component 'registru_save_pe5' [D:/FACULTATE/FACULTATE AN 1/Semestrul 2/PSN/proiect_stari/project_1/project_1.srcs/sources_1/new/ora.vhd:41]
INFO: [Synth 8-638] synthesizing module 'registru_save_pe5' [D:/FACULTATE/FACULTATE AN 1/Semestrul 2/PSN/proiect_stari/project_1/project_1.srcs/sources_1/new/registru_save_pe5.vhd:12]
WARNING: [Synth 8-614] signal 'aux' is read in the process but is not in the sensitivity list [D:/FACULTATE/FACULTATE AN 1/Semestrul 2/PSN/proiect_stari/project_1/project_1.srcs/sources_1/new/registru_save_pe5.vhd:15]
INFO: [Synth 8-256] done synthesizing module 'registru_save_pe5' (0#1) [D:/FACULTATE/FACULTATE AN 1/Semestrul 2/PSN/proiect_stari/project_1/project_1.srcs/sources_1/new/registru_save_pe5.vhd:12]
INFO: [Synth 8-256] done synthesizing module 'ora' (0#1) [D:/FACULTATE/FACULTATE AN 1/Semestrul 2/PSN/proiect_stari/project_1/project_1.srcs/sources_1/new/ora.vhd:13]
INFO: [Synth 8-3491] module 'minute' declared at 'D:/FACULTATE/FACULTATE AN 1/Semestrul 2/PSN/proiect_stari/project_1/project_1.srcs/sources_1/new/minute.vhd:7' bound to instance 'C2' of component 'minute' [D:/FACULTATE/FACULTATE AN 1/Semestrul 2/PSN/proiect_stari/project_1/project_1.srcs/sources_1/new/main_UE.vhd:77]
INFO: [Synth 8-638] synthesizing module 'minute' [D:/FACULTATE/FACULTATE AN 1/Semestrul 2/PSN/proiect_stari/project_1/project_1.srcs/sources_1/new/minute.vhd:13]
INFO: [Synth 8-3491] module 'buton' declared at 'D:/FACULTATE/FACULTATE AN 1/Semestrul 2/PSN/proiect_stari/project_1/project_1.srcs/sources_1/imports/new/buton.vhd:7' bound to instance 'C1' of component 'buton' [D:/FACULTATE/FACULTATE AN 1/Semestrul 2/PSN/proiect_stari/project_1/project_1.srcs/sources_1/new/minute.vhd:35]
INFO: [Synth 8-3491] module 'numarator_minute' declared at 'D:/FACULTATE/FACULTATE AN 1/Semestrul 2/PSN/proiect_stari/project_1/project_1.srcs/sources_1/new/numarator_minute.vhd:5' bound to instance 'C2' of component 'numarator_minute' [D:/FACULTATE/FACULTATE AN 1/Semestrul 2/PSN/proiect_stari/project_1/project_1.srcs/sources_1/new/minute.vhd:36]
INFO: [Synth 8-638] synthesizing module 'numarator_minute' [D:/FACULTATE/FACULTATE AN 1/Semestrul 2/PSN/proiect_stari/project_1/project_1.srcs/sources_1/new/numarator_minute.vhd:10]
INFO: [Synth 8-256] done synthesizing module 'numarator_minute' (0#1) [D:/FACULTATE/FACULTATE AN 1/Semestrul 2/PSN/proiect_stari/project_1/project_1.srcs/sources_1/new/numarator_minute.vhd:10]
INFO: [Synth 8-3491] module 'registru_save_pe6' declared at 'D:/FACULTATE/FACULTATE AN 1/Semestrul 2/PSN/proiect_stari/project_1/project_1.srcs/sources_1/new/registru_save_pe6.vhd:5' bound to instance 'C3' of component 'registru_save_pe6' [D:/FACULTATE/FACULTATE AN 1/Semestrul 2/PSN/proiect_stari/project_1/project_1.srcs/sources_1/new/minute.vhd:37]
INFO: [Synth 8-638] synthesizing module 'registru_save_pe6' [D:/FACULTATE/FACULTATE AN 1/Semestrul 2/PSN/proiect_stari/project_1/project_1.srcs/sources_1/new/registru_save_pe6.vhd:12]
WARNING: [Synth 8-614] signal 'aux' is read in the process but is not in the sensitivity list [D:/FACULTATE/FACULTATE AN 1/Semestrul 2/PSN/proiect_stari/project_1/project_1.srcs/sources_1/new/registru_save_pe6.vhd:15]
INFO: [Synth 8-256] done synthesizing module 'registru_save_pe6' (0#1) [D:/FACULTATE/FACULTATE AN 1/Semestrul 2/PSN/proiect_stari/project_1/project_1.srcs/sources_1/new/registru_save_pe6.vhd:12]
INFO: [Synth 8-256] done synthesizing module 'minute' (0#1) [D:/FACULTATE/FACULTATE AN 1/Semestrul 2/PSN/proiect_stari/project_1/project_1.srcs/sources_1/new/minute.vhd:13]
INFO: [Synth 8-3491] module 'temperatura_minima' declared at 'D:/FACULTATE/FACULTATE AN 1/Semestrul 2/PSN/proiect_stari/project_1/project_1.srcs/sources_1/new/temperatura_minima.vhd:6' bound to instance 'C3' of component 'temperatura_minima' [D:/FACULTATE/FACULTATE AN 1/Semestrul 2/PSN/proiect_stari/project_1/project_1.srcs/sources_1/new/main_UE.vhd:78]
INFO: [Synth 8-638] synthesizing module 'temperatura_minima' [D:/FACULTATE/FACULTATE AN 1/Semestrul 2/PSN/proiect_stari/project_1/project_1.srcs/sources_1/new/temperatura_minima.vhd:12]
INFO: [Synth 8-3491] module 'buton' declared at 'D:/FACULTATE/FACULTATE AN 1/Semestrul 2/PSN/proiect_stari/project_1/project_1.srcs/sources_1/imports/new/buton.vhd:7' bound to instance 'C1' of component 'buton' [D:/FACULTATE/FACULTATE AN 1/Semestrul 2/PSN/proiect_stari/project_1/project_1.srcs/sources_1/new/temperatura_minima.vhd:34]
INFO: [Synth 8-3491] module 'temp_min' declared at 'D:/FACULTATE/FACULTATE AN 1/Semestrul 2/PSN/proiect_stari/project_1/project_1.srcs/sources_1/new/temp_min.vhd:7' bound to instance 'C2' of component 'temp_min' [D:/FACULTATE/FACULTATE AN 1/Semestrul 2/PSN/proiect_stari/project_1/project_1.srcs/sources_1/new/temperatura_minima.vhd:35]
INFO: [Synth 8-638] synthesizing module 'temp_min' [D:/FACULTATE/FACULTATE AN 1/Semestrul 2/PSN/proiect_stari/project_1/project_1.srcs/sources_1/new/temp_min.vhd:12]
INFO: [Synth 8-256] done synthesizing module 'temp_min' (0#1) [D:/FACULTATE/FACULTATE AN 1/Semestrul 2/PSN/proiect_stari/project_1/project_1.srcs/sources_1/new/temp_min.vhd:12]
INFO: [Synth 8-3491] module 'registru_save_pe5' declared at 'D:/FACULTATE/FACULTATE AN 1/Semestrul 2/PSN/proiect_stari/project_1/project_1.srcs/sources_1/new/registru_save_pe5.vhd:5' bound to instance 'C3' of component 'registru_save_pe5' [D:/FACULTATE/FACULTATE AN 1/Semestrul 2/PSN/proiect_stari/project_1/project_1.srcs/sources_1/new/temperatura_minima.vhd:38]
INFO: [Synth 8-256] done synthesizing module 'temperatura_minima' (0#1) [D:/FACULTATE/FACULTATE AN 1/Semestrul 2/PSN/proiect_stari/project_1/project_1.srcs/sources_1/new/temperatura_minima.vhd:12]
INFO: [Synth 8-3491] module 'temperatura_maxima' declared at 'D:/FACULTATE/FACULTATE AN 1/Semestrul 2/PSN/proiect_stari/project_1/project_1.srcs/sources_1/new/temperatura_maxima.vhd:6' bound to instance 'C4' of component 'temperatura_maxima' [D:/FACULTATE/FACULTATE AN 1/Semestrul 2/PSN/proiect_stari/project_1/project_1.srcs/sources_1/new/main_UE.vhd:79]
INFO: [Synth 8-638] synthesizing module 'temperatura_maxima' [D:/FACULTATE/FACULTATE AN 1/Semestrul 2/PSN/proiect_stari/project_1/project_1.srcs/sources_1/new/temperatura_maxima.vhd:12]
INFO: [Synth 8-3491] module 'buton' declared at 'D:/FACULTATE/FACULTATE AN 1/Semestrul 2/PSN/proiect_stari/project_1/project_1.srcs/sources_1/imports/new/buton.vhd:7' bound to instance 'C1' of component 'buton' [D:/FACULTATE/FACULTATE AN 1/Semestrul 2/PSN/proiect_stari/project_1/project_1.srcs/sources_1/new/temperatura_maxima.vhd:35]
INFO: [Synth 8-3491] module 'temp_max' declared at 'D:/FACULTATE/FACULTATE AN 1/Semestrul 2/PSN/proiect_stari/project_1/project_1.srcs/sources_1/new/temp_max.vhd:7' bound to instance 'C2' of component 'temp_max' [D:/FACULTATE/FACULTATE AN 1/Semestrul 2/PSN/proiect_stari/project_1/project_1.srcs/sources_1/new/temperatura_maxima.vhd:36]
INFO: [Synth 8-638] synthesizing module 'temp_max' [D:/FACULTATE/FACULTATE AN 1/Semestrul 2/PSN/proiect_stari/project_1/project_1.srcs/sources_1/new/temp_max.vhd:12]
INFO: [Synth 8-256] done synthesizing module 'temp_max' (0#1) [D:/FACULTATE/FACULTATE AN 1/Semestrul 2/PSN/proiect_stari/project_1/project_1.srcs/sources_1/new/temp_max.vhd:12]
INFO: [Synth 8-3491] module 'registru_save_pe5' declared at 'D:/FACULTATE/FACULTATE AN 1/Semestrul 2/PSN/proiect_stari/project_1/project_1.srcs/sources_1/new/registru_save_pe5.vhd:5' bound to instance 'C3' of component 'registru_save_pe5' [D:/FACULTATE/FACULTATE AN 1/Semestrul 2/PSN/proiect_stari/project_1/project_1.srcs/sources_1/new/temperatura_maxima.vhd:39]
INFO: [Synth 8-256] done synthesizing module 'temperatura_maxima' (0#1) [D:/FACULTATE/FACULTATE AN 1/Semestrul 2/PSN/proiect_stari/project_1/project_1.srcs/sources_1/new/temperatura_maxima.vhd:12]
INFO: [Synth 8-3491] module 'citire' declared at 'D:/FACULTATE/FACULTATE AN 1/Semestrul 2/PSN/proiect_stari/project_1/project_1.srcs/sources_1/new/citire.vhd:5' bound to instance 'C5' of component 'citire' [D:/FACULTATE/FACULTATE AN 1/Semestrul 2/PSN/proiect_stari/project_1/project_1.srcs/sources_1/new/main_UE.vhd:80]
INFO: [Synth 8-638] synthesizing module 'citire' [D:/FACULTATE/FACULTATE AN 1/Semestrul 2/PSN/proiect_stari/project_1/project_1.srcs/sources_1/new/citire.vhd:12]
INFO: [Synth 8-3491] module 'memorie_ROM' declared at 'D:/FACULTATE/FACULTATE AN 1/Semestrul 2/PSN/proiect_stari/project_1/project_1.srcs/sources_1/new/memorie_ROM.vhd:6' bound to instance 'C1' of component 'memorie_ROM' [D:/FACULTATE/FACULTATE AN 1/Semestrul 2/PSN/proiect_stari/project_1/project_1.srcs/sources_1/new/citire.vhd:36]
INFO: [Synth 8-638] synthesizing module 'memorie_ROM' [D:/FACULTATE/FACULTATE AN 1/Semestrul 2/PSN/proiect_stari/project_1/project_1.srcs/sources_1/new/memorie_ROM.vhd:12]
WARNING: [Synth 8-614] signal 'M' is read in the process but is not in the sensitivity list [D:/FACULTATE/FACULTATE AN 1/Semestrul 2/PSN/proiect_stari/project_1/project_1.srcs/sources_1/new/memorie_ROM.vhd:44]
INFO: [Synth 8-256] done synthesizing module 'memorie_ROM' (0#1) [D:/FACULTATE/FACULTATE AN 1/Semestrul 2/PSN/proiect_stari/project_1/project_1.srcs/sources_1/new/memorie_ROM.vhd:12]
INFO: [Synth 8-3491] module 'buton' declared at 'D:/FACULTATE/FACULTATE AN 1/Semestrul 2/PSN/proiect_stari/project_1/project_1.srcs/sources_1/imports/new/buton.vhd:7' bound to instance 'C2' of component 'buton' [D:/FACULTATE/FACULTATE AN 1/Semestrul 2/PSN/proiect_stari/project_1/project_1.srcs/sources_1/new/citire.vhd:37]
INFO: [Synth 8-3491] module 'registru_save_pe5' declared at 'D:/FACULTATE/FACULTATE AN 1/Semestrul 2/PSN/proiect_stari/project_1/project_1.srcs/sources_1/new/registru_save_pe5.vhd:5' bound to instance 'C3' of component 'registru_save_pe5' [D:/FACULTATE/FACULTATE AN 1/Semestrul 2/PSN/proiect_stari/project_1/project_1.srcs/sources_1/new/citire.vhd:38]
INFO: [Synth 8-256] done synthesizing module 'citire' (0#1) [D:/FACULTATE/FACULTATE AN 1/Semestrul 2/PSN/proiect_stari/project_1/project_1.srcs/sources_1/new/citire.vhd:12]
INFO: [Synth 8-3491] module 'incalzitor' declared at 'D:/FACULTATE/FACULTATE AN 1/Semestrul 2/PSN/proiect_stari/project_1/project_1.srcs/sources_1/new/incalzitor.vhd:6' bound to instance 'C6' of component 'incalzitor' [D:/FACULTATE/FACULTATE AN 1/Semestrul 2/PSN/proiect_stari/project_1/project_1.srcs/sources_1/new/main_UE.vhd:81]
INFO: [Synth 8-638] synthesizing module 'incalzitor' [D:/FACULTATE/FACULTATE AN 1/Semestrul 2/PSN/proiect_stari/project_1/project_1.srcs/sources_1/new/incalzitor.vhd:12]
INFO: [Synth 8-256] done synthesizing module 'incalzitor' (0#1) [D:/FACULTATE/FACULTATE AN 1/Semestrul 2/PSN/proiect_stari/project_1/project_1.srcs/sources_1/new/incalzitor.vhd:12]
INFO: [Synth 8-3491] module 'racitor' declared at 'D:/FACULTATE/FACULTATE AN 1/Semestrul 2/PSN/proiect_stari/project_1/project_1.srcs/sources_1/new/simulator.vhd:6' bound to instance 'C7' of component 'racitor' [D:/FACULTATE/FACULTATE AN 1/Semestrul 2/PSN/proiect_stari/project_1/project_1.srcs/sources_1/new/main_UE.vhd:82]
INFO: [Synth 8-638] synthesizing module 'racitor' [D:/FACULTATE/FACULTATE AN 1/Semestrul 2/PSN/proiect_stari/project_1/project_1.srcs/sources_1/new/simulator.vhd:12]
INFO: [Synth 8-256] done synthesizing module 'racitor' (0#1) [D:/FACULTATE/FACULTATE AN 1/Semestrul 2/PSN/proiect_stari/project_1/project_1.srcs/sources_1/new/simulator.vhd:12]
INFO: [Synth 8-3491] module 'tot_afis' declared at 'D:/FACULTATE/FACULTATE AN 1/Semestrul 2/PSN/proiect_stari/project_1/project_1.srcs/sources_1/new/tot_afis.vhd:4' bound to instance 'C8' of component 'tot_afis' [D:/FACULTATE/FACULTATE AN 1/Semestrul 2/PSN/proiect_stari/project_1/project_1.srcs/sources_1/new/main_UE.vhd:83]
INFO: [Synth 8-638] synthesizing module 'tot_afis' [D:/FACULTATE/FACULTATE AN 1/Semestrul 2/PSN/proiect_stari/project_1/project_1.srcs/sources_1/new/tot_afis.vhd:12]
INFO: [Synth 8-3491] module 'numarator_afis' declared at 'D:/FACULTATE/FACULTATE AN 1/Semestrul 2/PSN/proiect_stari/project_1/project_1.srcs/sources_1/new/numarator_afis.vhd:7' bound to instance 'C1' of component 'numarator_afis' [D:/FACULTATE/FACULTATE AN 1/Semestrul 2/PSN/proiect_stari/project_1/project_1.srcs/sources_1/new/tot_afis.vhd:54]
INFO: [Synth 8-638] synthesizing module 'numarator_afis' [D:/FACULTATE/FACULTATE AN 1/Semestrul 2/PSN/proiect_stari/project_1/project_1.srcs/sources_1/new/numarator_afis.vhd:12]
INFO: [Synth 8-256] done synthesizing module 'numarator_afis' (0#1) [D:/FACULTATE/FACULTATE AN 1/Semestrul 2/PSN/proiect_stari/project_1/project_1.srcs/sources_1/new/numarator_afis.vhd:12]
INFO: [Synth 8-3491] module 'anozi' declared at 'D:/FACULTATE/FACULTATE AN 1/Semestrul 2/PSN/proiect_stari/project_1/project_1.srcs/sources_1/new/anozi.vhd:4' bound to instance 'C2' of component 'anozi' [D:/FACULTATE/FACULTATE AN 1/Semestrul 2/PSN/proiect_stari/project_1/project_1.srcs/sources_1/new/tot_afis.vhd:55]
INFO: [Synth 8-638] synthesizing module 'anozi' [D:/FACULTATE/FACULTATE AN 1/Semestrul 2/PSN/proiect_stari/project_1/project_1.srcs/sources_1/new/anozi.vhd:9]
INFO: [Synth 8-256] done synthesizing module 'anozi' (0#1) [D:/FACULTATE/FACULTATE AN 1/Semestrul 2/PSN/proiect_stari/project_1/project_1.srcs/sources_1/new/anozi.vhd:9]
INFO: [Synth 8-3491] module 'toate_codificate' declared at 'D:/FACULTATE/FACULTATE AN 1/Semestrul 2/PSN/proiect_stari/project_1/project_1.srcs/sources_1/new/toate_codificate.vhd:6' bound to instance 'C3' of component 'toate_codificate' [D:/FACULTATE/FACULTATE AN 1/Semestrul 2/PSN/proiect_stari/project_1/project_1.srcs/sources_1/new/tot_afis.vhd:56]
INFO: [Synth 8-638] synthesizing module 'toate_codificate' [D:/FACULTATE/FACULTATE AN 1/Semestrul 2/PSN/proiect_stari/project_1/project_1.srcs/sources_1/new/toate_codificate.vhd:12]
INFO: [Synth 8-3491] module 'codificator' declared at 'D:/FACULTATE/FACULTATE AN 1/Semestrul 2/PSN/proiect_stari/project_1/project_1.srcs/sources_1/new/codificator.vhd:6' bound to instance 'C1' of component 'codificator' [D:/FACULTATE/FACULTATE AN 1/Semestrul 2/PSN/proiect_stari/project_1/project_1.srcs/sources_1/new/toate_codificate.vhd:27]
INFO: [Synth 8-638] synthesizing module 'codificator' [D:/FACULTATE/FACULTATE AN 1/Semestrul 2/PSN/proiect_stari/project_1/project_1.srcs/sources_1/new/codificator.vhd:11]
INFO: [Synth 8-256] done synthesizing module 'codificator' (0#1) [D:/FACULTATE/FACULTATE AN 1/Semestrul 2/PSN/proiect_stari/project_1/project_1.srcs/sources_1/new/codificator.vhd:11]
INFO: [Synth 8-3491] module 'codificator' declared at 'D:/FACULTATE/FACULTATE AN 1/Semestrul 2/PSN/proiect_stari/project_1/project_1.srcs/sources_1/new/codificator.vhd:6' bound to instance 'C2' of component 'codificator' [D:/FACULTATE/FACULTATE AN 1/Semestrul 2/PSN/proiect_stari/project_1/project_1.srcs/sources_1/new/toate_codificate.vhd:28]
INFO: [Synth 8-3491] module 'codificator' declared at 'D:/FACULTATE/FACULTATE AN 1/Semestrul 2/PSN/proiect_stari/project_1/project_1.srcs/sources_1/new/codificator.vhd:6' bound to instance 'C3' of component 'codificator' [D:/FACULTATE/FACULTATE AN 1/Semestrul 2/PSN/proiect_stari/project_1/project_1.srcs/sources_1/new/toate_codificate.vhd:29]
INFO: [Synth 8-3491] module 'codificator' declared at 'D:/FACULTATE/FACULTATE AN 1/Semestrul 2/PSN/proiect_stari/project_1/project_1.srcs/sources_1/new/codificator.vhd:6' bound to instance 'C4' of component 'codificator' [D:/FACULTATE/FACULTATE AN 1/Semestrul 2/PSN/proiect_stari/project_1/project_1.srcs/sources_1/new/toate_codificate.vhd:30]
INFO: [Synth 8-3491] module 'codificator' declared at 'D:/FACULTATE/FACULTATE AN 1/Semestrul 2/PSN/proiect_stari/project_1/project_1.srcs/sources_1/new/codificator.vhd:6' bound to instance 'C5' of component 'codificator' [D:/FACULTATE/FACULTATE AN 1/Semestrul 2/PSN/proiect_stari/project_1/project_1.srcs/sources_1/new/toate_codificate.vhd:31]
INFO: [Synth 8-256] done synthesizing module 'toate_codificate' (0#1) [D:/FACULTATE/FACULTATE AN 1/Semestrul 2/PSN/proiect_stari/project_1/project_1.srcs/sources_1/new/toate_codificate.vhd:12]
INFO: [Synth 8-3491] module 'mux_4_1_pt_catozi' declared at 'D:/FACULTATE/FACULTATE AN 1/Semestrul 2/PSN/proiect_stari/project_1/project_1.srcs/sources_1/new/mux_4_1_pt_catozi.vhd:4' bound to instance 'C4' of component 'mux_4_1_pt_catozi' [D:/FACULTATE/FACULTATE AN 1/Semestrul 2/PSN/proiect_stari/project_1/project_1.srcs/sources_1/new/tot_afis.vhd:57]
INFO: [Synth 8-638] synthesizing module 'mux_4_1_pt_catozi' [D:/FACULTATE/FACULTATE AN 1/Semestrul 2/PSN/proiect_stari/project_1/project_1.srcs/sources_1/new/mux_4_1_pt_catozi.vhd:10]
INFO: [Synth 8-256] done synthesizing module 'mux_4_1_pt_catozi' (0#1) [D:/FACULTATE/FACULTATE AN 1/Semestrul 2/PSN/proiect_stari/project_1/project_1.srcs/sources_1/new/mux_4_1_pt_catozi.vhd:10]
INFO: [Synth 8-3491] module 'mux_4_1_pt_catozi' declared at 'D:/FACULTATE/FACULTATE AN 1/Semestrul 2/PSN/proiect_stari/project_1/project_1.srcs/sources_1/new/mux_4_1_pt_catozi.vhd:4' bound to instance 'C5' of component 'mux_4_1_pt_catozi' [D:/FACULTATE/FACULTATE AN 1/Semestrul 2/PSN/proiect_stari/project_1/project_1.srcs/sources_1/new/tot_afis.vhd:58]
INFO: [Synth 8-3491] module 'mux_4_1_pt_catozi' declared at 'D:/FACULTATE/FACULTATE AN 1/Semestrul 2/PSN/proiect_stari/project_1/project_1.srcs/sources_1/new/mux_4_1_pt_catozi.vhd:4' bound to instance 'C6' of component 'mux_4_1_pt_catozi' [D:/FACULTATE/FACULTATE AN 1/Semestrul 2/PSN/proiect_stari/project_1/project_1.srcs/sources_1/new/tot_afis.vhd:59]
INFO: [Synth 8-3491] module 'mux_8_1_catozi' declared at 'D:/FACULTATE/FACULTATE AN 1/Semestrul 2/PSN/proiect_stari/project_1/project_1.srcs/sources_1/new/mux_8_1_catozi.vhd:6' bound to instance 'C7' of component 'mux_8_1_catozi' [D:/FACULTATE/FACULTATE AN 1/Semestrul 2/PSN/proiect_stari/project_1/project_1.srcs/sources_1/new/tot_afis.vhd:60]
INFO: [Synth 8-638] synthesizing module 'mux_8_1_catozi' [D:/FACULTATE/FACULTATE AN 1/Semestrul 2/PSN/proiect_stari/project_1/project_1.srcs/sources_1/new/mux_8_1_catozi.vhd:12]
INFO: [Synth 8-256] done synthesizing module 'mux_8_1_catozi' (0#1) [D:/FACULTATE/FACULTATE AN 1/Semestrul 2/PSN/proiect_stari/project_1/project_1.srcs/sources_1/new/mux_8_1_catozi.vhd:12]
INFO: [Synth 8-3491] module 'bcd_catozi' declared at 'D:/FACULTATE/FACULTATE AN 1/Semestrul 2/PSN/proiect_stari/project_1/project_1.srcs/sources_1/imports/new/bcd_catozi.vhd:4' bound to instance 'C8' of component 'bcd_catozi' [D:/FACULTATE/FACULTATE AN 1/Semestrul 2/PSN/proiect_stari/project_1/project_1.srcs/sources_1/new/tot_afis.vhd:61]
INFO: [Synth 8-638] synthesizing module 'bcd_catozi' [D:/FACULTATE/FACULTATE AN 1/Semestrul 2/PSN/proiect_stari/project_1/project_1.srcs/sources_1/imports/new/bcd_catozi.vhd:9]
INFO: [Synth 8-256] done synthesizing module 'bcd_catozi' (0#1) [D:/FACULTATE/FACULTATE AN 1/Semestrul 2/PSN/proiect_stari/project_1/project_1.srcs/sources_1/imports/new/bcd_catozi.vhd:9]
INFO: [Synth 8-256] done synthesizing module 'tot_afis' (0#1) [D:/FACULTATE/FACULTATE AN 1/Semestrul 2/PSN/proiect_stari/project_1/project_1.srcs/sources_1/new/tot_afis.vhd:12]
INFO: [Synth 8-256] done synthesizing module 'main_UE' (0#1) [D:/FACULTATE/FACULTATE AN 1/Semestrul 2/PSN/proiect_stari/project_1/project_1.srcs/sources_1/new/main_UE.vhd:14]
INFO: [Synth 8-256] done synthesizing module 'proiect' (0#1) [D:/FACULTATE/FACULTATE AN 1/Semestrul 2/PSN/proiect_stari/project_1/project_1.srcs/sources_1/new/proiect.vhd:13]
WARNING: [Synth 8-7129] Port reset in module tot_afis is either unconnected or has no load
---------------------------------------------------------------------------------
Finished RTL Elaboration : Time (s): cpu = 00:00:10 ; elapsed = 00:00:14 . Memory (MB): peak = 1415.148 ; gain = 551.176
---------------------------------------------------------------------------------
---------------------------------------------------------------------------------
Start Handling Custom Attributes
---------------------------------------------------------------------------------
---------------------------------------------------------------------------------
Finished Handling Custom Attributes : Time (s): cpu = 00:00:10 ; elapsed = 00:00:15 . Memory (MB): peak = 1415.148 ; gain = 551.176
---------------------------------------------------------------------------------
---------------------------------------------------------------------------------
Finished RTL Optimization Phase 1 : Time (s): cpu = 00:00:10 ; elapsed = 00:00:15 . Memory (MB): peak = 1415.148 ; gain = 551.176
---------------------------------------------------------------------------------
Netlist sorting complete. Time (s): cpu = 00:00:00 ; elapsed = 00:00:00.010 . Memory (MB): peak = 1415.148 ; gain = 0.000
INFO: [Project 1-570] Preparing netlist for logic optimization

Processing XDC Constraints
Initializing timing engine
Parsing XDC File [D:/FACULTATE/FACULTATE AN 1/Semestrul 2/PSN/proiect_stari/project_1/project_1.srcs/constrs_1/imports/Desktop/Basys-3-Master.xdc]
Finished Parsing XDC File [D:/FACULTATE/FACULTATE AN 1/Semestrul 2/PSN/proiect_stari/project_1/project_1.srcs/constrs_1/imports/Desktop/Basys-3-Master.xdc]
INFO: [Project 1-236] Implementation specific constraints were found while reading constraint file [D:/FACULTATE/FACULTATE AN 1/Semestrul 2/PSN/proiect_stari/project_1/project_1.srcs/constrs_1/imports/Desktop/Basys-3-Master.xdc]. These constraints will be ignored for synthesis but will be used in implementation. Impacted constraints are listed in the file [.Xil/proiect_propImpl.xdc].
Resolution: To avoid this warning, move constraints listed in [.Xil/proiect_propImpl.xdc] to another XDC file and exclude this new file from synthesis with the used_in_synthesis property (File Properties dialog in GUI) and re-run elaboration/synthesis.
Completed Processing XDC Constraints

Netlist sorting complete. Time (s): cpu = 00:00:00 ; elapsed = 00:00:00.001 . Memory (MB): peak = 1459.039 ; gain = 0.000
INFO: [Project 1-111] Unisim Transformation Summary:
No Unisim elements were transformed.

Access is denied.
Constraint Validation Runtime : Time (s): cpu = 00:00:00 ; elapsed = 00:00:00.040 . Memory (MB): peak = 1459.039 ; gain = 0.000
INFO: [Designutils 20-5440] No compile time benefit to using incremental synthesis; A full resynthesis will be run
INFO: [Designutils 20-4379] Flow is switching to default flow due to incremental criteria not met. If you would like to alter this behaviour and have the flow terminate instead, please set the following parameter config_implementation {autoIncr.Synth.RejectBehavior Terminate}
---------------------------------------------------------------------------------
Finished Constraint Validation : Time (s): cpu = 00:00:20 ; elapsed = 00:00:28 . Memory (MB): peak = 1459.039 ; gain = 595.066
---------------------------------------------------------------------------------
---------------------------------------------------------------------------------
Start Loading Part and Timing Information
---------------------------------------------------------------------------------
Loading part: xc7a35tcpg236-1
---------------------------------------------------------------------------------
Finished Loading Part and Timing Information : Time (s): cpu = 00:00:20 ; elapsed = 00:00:28 . Memory (MB): peak = 1459.039 ; gain = 595.066
---------------------------------------------------------------------------------
---------------------------------------------------------------------------------
Start Applying 'set_property' XDC Constraints
---------------------------------------------------------------------------------
---------------------------------------------------------------------------------
Finished applying 'set_property' XDC Constraints : Time (s): cpu = 00:00:20 ; elapsed = 00:00:28 . Memory (MB): peak = 1459.039 ; gain = 595.066
---------------------------------------------------------------------------------
WARNING: [Synth 8-327] inferring latch for variable 'stare_next_reg' [D:/FACULTATE/FACULTATE AN 1/Semestrul 2/PSN/proiect_stari/project_1/project_1.srcs/sources_1/new/main.vhd:23]
---------------------------------------------------------------------------------
Finished RTL Optimization Phase 2 : Time (s): cpu = 00:00:20 ; elapsed = 00:00:28 . Memory (MB): peak = 1459.039 ; gain = 595.066
---------------------------------------------------------------------------------
---------------------------------------------------------------------------------
Start RTL Component Statistics 
---------------------------------------------------------------------------------
Detailed RTL Component Info : 
+---Adders : 
	   2 Input    6 Bit       Adders := 1     
	   2 Input    5 Bit       Adders := 5     
+---Registers : 
	                6 Bit    Registers := 2     
	                5 Bit    Registers := 9     
	                4 Bit    Registers := 1     
	                1 Bit    Registers := 23    
+---Muxes : 
	   2 Input    6 Bit        Muxes := 1     
	   2 Input    5 Bit        Muxes := 6     
	   2 Input    4 Bit        Muxes := 7     
	   4 Input    4 Bit        Muxes := 4     
	   2 Input    3 Bit        Muxes := 2     
	   2 Input    2 Bit        Muxes := 2     
	  16 Input    1 Bit        Muxes := 12    
	   2 Input    1 Bit        Muxes := 2     
---------------------------------------------------------------------------------
Finished RTL Component Statistics 
---------------------------------------------------------------------------------
---------------------------------------------------------------------------------
Start Part Resource Summary
---------------------------------------------------------------------------------
Part Resources:
DSPs: 90 (col length:60)
BRAMs: 100 (col length: RAMB18 60 RAMB36 30)
---------------------------------------------------------------------------------
Finished Part Resource Summary
---------------------------------------------------------------------------------
---------------------------------------------------------------------------------
Start Cross Boundary and Area Optimization
---------------------------------------------------------------------------------
WARNING: [Synth 8-7080] Parallel synthesis criteria is not met
---------------------------------------------------------------------------------
Finished Cross Boundary and Area Optimization : Time (s): cpu = 00:00:23 ; elapsed = 00:00:32 . Memory (MB): peak = 1459.039 ; gain = 595.066
---------------------------------------------------------------------------------
---------------------------------------------------------------------------------
Start ROM, RAM, DSP, Shift Register and Retiming Reporting
---------------------------------------------------------------------------------

ROM: Preliminary Mapping Report
+------------+-----------------------+---------------+----------------+
|Module Name | RTL Object            | Depth x Width | Implemented As | 
+------------+-----------------------+---------------+----------------+
|memorie_ROM | T_ROM                 | 32x5          | LUT            | 
|codificator | codificat             | 64x7          | LUT            | 
|proiect     | C3/C5/C1/T_ROM        | 32x5          | LUT            | 
|proiect     | C3/C8/C3/C1/codificat | 64x7          | LUT            | 
|proiect     | C3/C8/C3/C2/codificat | 64x7          | LUT            | 
|proiect     | C3/C8/C3/C3/codificat | 64x7          | LUT            | 
|proiect     | C3/C8/C3/C4/codificat | 64x7          | LUT            | 
|proiect     | C3/C8/C3/C5/codificat | 64x7          | LUT            | 
+------------+-----------------------+---------------+----------------+

---------------------------------------------------------------------------------
Finished ROM, RAM, DSP, Shift Register and Retiming Reporting
---------------------------------------------------------------------------------
---------------------------------------------------------------------------------
Start Applying XDC Timing Constraints
---------------------------------------------------------------------------------
---------------------------------------------------------------------------------
Finished Applying XDC Timing Constraints : Time (s): cpu = 00:00:30 ; elapsed = 00:00:40 . Memory (MB): peak = 1459.039 ; gain = 595.066
---------------------------------------------------------------------------------
---------------------------------------------------------------------------------
Start Timing Optimization
---------------------------------------------------------------------------------
---------------------------------------------------------------------------------
Finished Timing Optimization : Time (s): cpu = 00:00:30 ; elapsed = 00:00:40 . Memory (MB): peak = 1459.039 ; gain = 595.066
---------------------------------------------------------------------------------
---------------------------------------------------------------------------------
Start Technology Mapping
---------------------------------------------------------------------------------
---------------------------------------------------------------------------------
Finished Technology Mapping : Time (s): cpu = 00:00:30 ; elapsed = 00:00:41 . Memory (MB): peak = 1459.039 ; gain = 595.066
---------------------------------------------------------------------------------
---------------------------------------------------------------------------------
Start IO Insertion
---------------------------------------------------------------------------------
---------------------------------------------------------------------------------
Start Flattening Before IO Insertion
---------------------------------------------------------------------------------
---------------------------------------------------------------------------------
Finished Flattening Before IO Insertion
---------------------------------------------------------------------------------
---------------------------------------------------------------------------------
Start Final Netlist Cleanup
---------------------------------------------------------------------------------
---------------------------------------------------------------------------------
Finished Final Netlist Cleanup
---------------------------------------------------------------------------------
---------------------------------------------------------------------------------
Finished IO Insertion : Time (s): cpu = 00:00:37 ; elapsed = 00:00:48 . Memory (MB): peak = 1459.039 ; gain = 595.066
---------------------------------------------------------------------------------
---------------------------------------------------------------------------------
Start Renaming Generated Instances
---------------------------------------------------------------------------------
---------------------------------------------------------------------------------
Finished Renaming Generated Instances : Time (s): cpu = 00:00:37 ; elapsed = 00:00:48 . Memory (MB): peak = 1459.039 ; gain = 595.066
---------------------------------------------------------------------------------
---------------------------------------------------------------------------------
Start Rebuilding User Hierarchy
---------------------------------------------------------------------------------
---------------------------------------------------------------------------------
Finished Rebuilding User Hierarchy : Time (s): cpu = 00:00:37 ; elapsed = 00:00:48 . Memory (MB): peak = 1459.039 ; gain = 595.066
---------------------------------------------------------------------------------
---------------------------------------------------------------------------------
Start Renaming Generated Ports
---------------------------------------------------------------------------------
---------------------------------------------------------------------------------
Finished Renaming Generated Ports : Time (s): cpu = 00:00:37 ; elapsed = 00:00:48 . Memory (MB): peak = 1459.039 ; gain = 595.066
---------------------------------------------------------------------------------
---------------------------------------------------------------------------------
Start Handling Custom Attributes
---------------------------------------------------------------------------------
---------------------------------------------------------------------------------
Finished Handling Custom Attributes : Time (s): cpu = 00:00:37 ; elapsed = 00:00:48 . Memory (MB): peak = 1459.039 ; gain = 595.066
---------------------------------------------------------------------------------
---------------------------------------------------------------------------------
Start Renaming Generated Nets
---------------------------------------------------------------------------------
---------------------------------------------------------------------------------
Finished Renaming Generated Nets : Time (s): cpu = 00:00:37 ; elapsed = 00:00:48 . Memory (MB): peak = 1459.039 ; gain = 595.066
---------------------------------------------------------------------------------
---------------------------------------------------------------------------------
Start Writing Synthesis Report
---------------------------------------------------------------------------------

Report BlackBoxes: 
+-+--------------+----------+
| |BlackBox name |Instances |
+-+--------------+----------+
+-+--------------+----------+

Report Cell Usage: 
+------+-------+------+
|      |Cell   |Count |
+------+-------+------+
|1     |BUFG   |     2|
|2     |CARRY4 |    12|
|3     |LUT1   |     6|
|4     |LUT2   |    10|
|5     |LUT3   |    15|
|6     |LUT4   |    31|
|7     |LUT5   |    25|
|8     |LUT6   |    58|
|9     |MUXF7  |     2|
|10    |FDCE   |    61|
|11    |FDPE   |     1|
|12    |FDRE   |    49|
|13    |LD     |     4|
|14    |IBUF   |     9|
|15    |OBUF   |    12|
+------+-------+------+
---------------------------------------------------------------------------------
Finished Writing Synthesis Report : Time (s): cpu = 00:00:37 ; elapsed = 00:00:48 . Memory (MB): peak = 1459.039 ; gain = 595.066
---------------------------------------------------------------------------------
Synthesis finished with 0 errors, 0 critical warnings and 2 warnings.
Synthesis Optimization Runtime : Time (s): cpu = 00:00:25 ; elapsed = 00:00:44 . Memory (MB): peak = 1459.039 ; gain = 551.176
Synthesis Optimization Complete : Time (s): cpu = 00:00:37 ; elapsed = 00:00:48 . Memory (MB): peak = 1459.039 ; gain = 595.066
INFO: [Project 1-571] Translating synthesized netlist
Netlist sorting complete. Time (s): cpu = 00:00:00 ; elapsed = 00:00:00.004 . Memory (MB): peak = 1459.039 ; gain = 0.000
INFO: [Netlist 29-17] Analyzing 18 Unisim elements for replacement
INFO: [Netlist 29-28] Unisim Transformation completed in 0 CPU seconds
INFO: [Project 1-570] Preparing netlist for logic optimization
INFO: [Opt 31-138] Pushed 0 inverter(s) to 0 load pin(s).
Netlist sorting complete. Time (s): cpu = 00:00:00 ; elapsed = 00:00:00 . Memory (MB): peak = 1459.039 ; gain = 0.000
INFO: [Project 1-111] Unisim Transformation Summary:
  A total of 4 instances were transformed.
  LD => LDCE: 4 instances

Access is denied.
Synth Design complete | Checksum: 34b86557
INFO: [Common 17-83] Releasing license: Synthesis
122 Infos, 20 Warnings, 0 Critical Warnings and 0 Errors encountered.
synth_design completed successfully
synth_design: Time (s): cpu = 00:00:41 ; elapsed = 00:01:07 . Memory (MB): peak = 1459.039 ; gain = 986.027
Write ShapeDB Complete: Time (s): cpu = 00:00:00 ; elapsed = 00:00:00.002 . Memory (MB): peak = 1459.039 ; gain = 0.000
INFO: [Common 17-1381] The checkpoint 'D:/FACULTATE/FACULTATE AN 1/Semestrul 2/PSN/proiect_stari/project_1/project_1.runs/synth_1/proiect.dcp' has been generated.
INFO: [runtcl-4] Executing : report_utilization -file proiect_utilization_synth.rpt -pb proiect_utilization_synth.pb
INFO: [Common 17-206] Exiting Vivado at Sun Jun  2 10:45:02 2024...
